2025-04-16 06:49:42 error: uncaughtException: listen EADDRINUSE: address already in use :::8000
Error: listen EADDRINUSE: address already in use :::8000
    at Server.setupListenHandle [as _listen2] (node:net:1937:16)
    at listenInCluster (node:net:1994:12)
    at Server.listen (node:net:2099:7)
    at Function.listen (C:\Users\User\Desktop\Projects\ERP_Project\node_modules\express\lib\application.js:635:24)
    at Object.listen (C:\Users\User\Desktop\Projects\ERP_Project\src\app.ts:35:16)
    at Object.<anonymous> (C:\Users\User\Desktop\Projects\ERP_Project\src\server.ts:7:5)
    at Module.<anonymous> (node:internal/modules/cjs/loader:1562:14)
    at Module._compile (C:\Users\User\Desktop\Projects\ERP_Project\node_modules\source-map-support\source-map-support.js:568:25)
    at Module.m._compile (C:\Users\User\AppData\Local\Temp\ts-node-dev-hook-8226242730947648.js:69:33)
    at node:internal/modules/cjs/loader:1699:10
2025-04-16 06:49:42 error: Server shutting down due to uncaught exception: listen EADDRINUSE: address already in use :::8000
2025-04-16 06:49:58 error: uncaughtException: listen EADDRINUSE: address already in use :::8000
Error: listen EADDRINUSE: address already in use :::8000
    at Server.setupListenHandle [as _listen2] (node:net:1937:16)
    at listenInCluster (node:net:1994:12)
    at Server.listen (node:net:2099:7)
    at Function.listen (C:\Users\User\Desktop\Projects\ERP_Project\node_modules\express\lib\application.js:635:24)
    at Object.listen (C:\Users\User\Desktop\Projects\ERP_Project\src\app.ts:35:16)
    at Object.<anonymous> (C:\Users\User\Desktop\Projects\ERP_Project\src\server.ts:7:5)
    at Module.<anonymous> (node:internal/modules/cjs/loader:1562:14)
    at Module._compile (C:\Users\User\Desktop\Projects\ERP_Project\node_modules\source-map-support\source-map-support.js:568:25)
    at Module.m._compile (C:\Users\User\AppData\Local\Temp\ts-node-dev-hook-568226779874329.js:69:33)
    at node:internal/modules/cjs/loader:1699:10
2025-04-16 06:49:58 error: Server shutting down due to uncaught exception: listen EADDRINUSE: address already in use :::8000
2025-04-16 06:59:16 error: uncaughtException: listen EADDRINUSE: address already in use :::8000
Error: listen EADDRINUSE: address already in use :::8000
    at Server.setupListenHandle [as _listen2] (node:net:1937:16)
    at listenInCluster (node:net:1994:12)
    at Server.listen (node:net:2099:7)
    at Function.listen (C:\Users\User\Desktop\Projects\ERP_Project\node_modules\express\lib\application.js:635:24)
    at Object.listen (C:\Users\User\Desktop\Projects\ERP_Project\src\app.ts:35:16)
    at Object.<anonymous> (C:\Users\User\Desktop\Projects\ERP_Project\src\server.ts:7:5)
    at Module.<anonymous> (node:internal/modules/cjs/loader:1562:14)
    at Module._compile (C:\Users\User\Desktop\Projects\ERP_Project\node_modules\source-map-support\source-map-support.js:568:25)
    at Module.m._compile (C:\Users\User\AppData\Local\Temp\ts-node-dev-hook-9423627249266291.js:69:33)
    at node:internal/modules/cjs/loader:1699:10
2025-04-16 06:59:16 error: Server shutting down due to uncaught exception: listen EADDRINUSE: address already in use :::8000
2025-04-16 06:59:23 error: uncaughtException: listen EADDRINUSE: address already in use :::8000
Error: listen EADDRINUSE: address already in use :::8000
    at Server.setupListenHandle [as _listen2] (node:net:1937:16)
    at listenInCluster (node:net:1994:12)
    at Server.listen (node:net:2099:7)
    at Function.listen (C:\Users\User\Desktop\Projects\ERP_Project\node_modules\express\lib\application.js:635:24)
    at Object.listen (C:\Users\User\Desktop\Projects\ERP_Project\src\app.ts:35:16)
    at Object.<anonymous> (C:\Users\User\Desktop\Projects\ERP_Project\src\server.ts:7:5)
    at Module.<anonymous> (node:internal/modules/cjs/loader:1562:14)
    at Module._compile (C:\Users\User\Desktop\Projects\ERP_Project\node_modules\source-map-support\source-map-support.js:568:25)
    at Module.m._compile (C:\Users\User\AppData\Local\Temp\ts-node-dev-hook-036936733982386505.js:69:33)
    at node:internal/modules/cjs/loader:1699:10
2025-04-16 06:59:23 error: Server shutting down due to uncaught exception: listen EADDRINUSE: address already in use :::8000
2025-04-16 07:34:35 error: uncaughtException: listen EADDRINUSE: address already in use :::8000
Error: listen EADDRINUSE: address already in use :::8000
    at Server.setupListenHandle [as _listen2] (node:net:1937:16)
    at listenInCluster (node:net:1994:12)
    at Server.listen (node:net:2099:7)
    at Function.listen (C:\Users\User\Desktop\Projects\ERP_Project\node_modules\express\lib\application.js:635:24)
    at Object.listen (C:\Users\User\Desktop\Projects\ERP_Project\src\app.ts:35:16)
    at Object.<anonymous> (C:\Users\User\Desktop\Projects\ERP_Project\src\server.ts:7:5)
    at Module.<anonymous> (node:internal/modules/cjs/loader:1562:14)
    at Module._compile (C:\Users\User\Desktop\Projects\ERP_Project\node_modules\source-map-support\source-map-support.js:568:25)
    at Module.m._compile (C:\Users\User\AppData\Local\Temp\ts-node-dev-hook-9423627249266291.js:69:33)
    at node:internal/modules/cjs/loader:1699:10
2025-04-16 07:34:35 error: Server shutting down due to uncaught exception: listen EADDRINUSE: address already in use :::8000
2025-04-16 07:38:50 error: uncaughtException: listen EADDRINUSE: address already in use :::8000
Error: listen EADDRINUSE: address already in use :::8000
    at Server.setupListenHandle [as _listen2] (node:net:1937:16)
    at listenInCluster (node:net:1994:12)
    at Server.listen (node:net:2099:7)
    at Function.listen (C:\Users\User\Desktop\Projects\ERP_Project\node_modules\express\lib\application.js:635:24)
    at Object.listen (C:\Users\User\Desktop\Projects\ERP_Project\src\app.ts:35:16)
    at Object.<anonymous> (C:\Users\User\Desktop\Projects\ERP_Project\src\server.ts:7:5)
    at Module.<anonymous> (node:internal/modules/cjs/loader:1562:14)
    at Module._compile (C:\Users\User\Desktop\Projects\ERP_Project\node_modules\source-map-support\source-map-support.js:568:25)
    at Module.m._compile (C:\Users\User\AppData\Local\Temp\ts-node-dev-hook-4184401593245446.js:69:33)
    at node:internal/modules/cjs/loader:1699:10
2025-04-16 07:38:50 error: Server shutting down due to uncaught exception: listen EADDRINUSE: address already in use :::8000
2025-04-16 07:41:04 error: uncaughtException: listen EADDRINUSE: address already in use :::8000
Error: listen EADDRINUSE: address already in use :::8000
    at Server.setupListenHandle [as _listen2] (node:net:1937:16)
    at listenInCluster (node:net:1994:12)
    at Server.listen (node:net:2099:7)
    at Function.listen (C:\Users\User\Desktop\Projects\ERP_Project\node_modules\express\lib\application.js:635:24)
    at Object.listen (C:\Users\User\Desktop\Projects\ERP_Project\src\app.ts:35:16)
    at Object.<anonymous> (C:\Users\User\Desktop\Projects\ERP_Project\src\server.ts:7:5)
    at Module.<anonymous> (node:internal/modules/cjs/loader:1562:14)
    at Module._compile (C:\Users\User\Desktop\Projects\ERP_Project\node_modules\source-map-support\source-map-support.js:568:25)
    at Module.m._compile (C:\Users\User\AppData\Local\Temp\ts-node-dev-hook-03847467354287071.js:69:33)
    at node:internal/modules/cjs/loader:1699:10
2025-04-16 07:41:04 error: Server shutting down due to uncaught exception: listen EADDRINUSE: address already in use :::8000
2025-04-16 07:41:31 error: uncaughtException: listen EADDRINUSE: address already in use :::8000
Error: listen EADDRINUSE: address already in use :::8000
    at Server.setupListenHandle [as _listen2] (node:net:1937:16)
    at listenInCluster (node:net:1994:12)
    at Server.listen (node:net:2099:7)
    at Function.listen (C:\Users\User\Desktop\Projects\ERP_Project\node_modules\express\lib\application.js:635:24)
    at Object.listen (C:\Users\User\Desktop\Projects\ERP_Project\src\app.ts:35:16)
    at Object.<anonymous> (C:\Users\User\Desktop\Projects\ERP_Project\src\server.ts:7:5)
    at Module.<anonymous> (node:internal/modules/cjs/loader:1562:14)
    at Module._compile (C:\Users\User\Desktop\Projects\ERP_Project\node_modules\source-map-support\source-map-support.js:568:25)
    at Module.m._compile (C:\Users\User\AppData\Local\Temp\ts-node-dev-hook-4573290252742195.js:69:33)
    at node:internal/modules/cjs/loader:1699:10
2025-04-16 07:41:31 error: Server shutting down due to uncaught exception: listen EADDRINUSE: address already in use :::8000
2025-04-16 07:44:27 error: uncaughtException: listen EADDRINUSE: address already in use :::8000
Error: listen EADDRINUSE: address already in use :::8000
    at Server.setupListenHandle [as _listen2] (node:net:1937:16)
    at listenInCluster (node:net:1994:12)
    at Server.listen (node:net:2099:7)
    at Function.listen (C:\Users\User\Desktop\Projects\ERP_Project\node_modules\express\lib\application.js:635:24)
    at Object.listen (C:\Users\User\Desktop\Projects\ERP_Project\src\app.ts:35:16)
    at Object.<anonymous> (C:\Users\User\Desktop\Projects\ERP_Project\src\server.ts:7:5)
    at Module.<anonymous> (node:internal/modules/cjs/loader:1562:14)
    at Module._compile (C:\Users\User\Desktop\Projects\ERP_Project\node_modules\source-map-support\source-map-support.js:568:25)
    at Module.m._compile (C:\Users\User\AppData\Local\Temp\ts-node-dev-hook-7795481651704737.js:69:33)
    at node:internal/modules/cjs/loader:1699:10
2025-04-16 07:44:27 error: Server shutting down due to uncaught exception: listen EADDRINUSE: address already in use :::8000
2025-04-16 08:00:05 error: uncaughtException: listen EADDRINUSE: address already in use :::8000
Error: listen EADDRINUSE: address already in use :::8000
    at Server.setupListenHandle [as _listen2] (node:net:1937:16)
    at listenInCluster (node:net:1994:12)
    at Server.listen (node:net:2099:7)
    at Function.listen (C:\Users\User\Desktop\Projects\ERP_Project\node_modules\express\lib\application.js:635:24)
    at Object.listen (C:\Users\User\Desktop\Projects\ERP_Project\src\app.ts:35:16)
    at Object.<anonymous> (C:\Users\User\Desktop\Projects\ERP_Project\src\server.ts:7:5)
    at Module.<anonymous> (node:internal/modules/cjs/loader:1562:14)
    at Module._compile (C:\Users\User\Desktop\Projects\ERP_Project\node_modules\source-map-support\source-map-support.js:568:25)
    at Module.m._compile (C:\Users\User\AppData\Local\Temp\ts-node-dev-hook-09164811352605828.js:69:33)
    at node:internal/modules/cjs/loader:1699:10
2025-04-16 08:00:05 error: Server shutting down due to uncaught exception: listen EADDRINUSE: address already in use :::8000
2025-04-16 08:00:26 error: uncaughtException: listen EADDRINUSE: address already in use :::8000
Error: listen EADDRINUSE: address already in use :::8000
    at Server.setupListenHandle [as _listen2] (node:net:1937:16)
    at listenInCluster (node:net:1994:12)
    at Server.listen (node:net:2099:7)
    at Function.listen (C:\Users\User\Desktop\Projects\ERP_Project\node_modules\express\lib\application.js:635:24)
    at Object.listen (C:\Users\User\Desktop\Projects\ERP_Project\src\app.ts:35:16)
    at Object.<anonymous> (C:\Users\User\Desktop\Projects\ERP_Project\src\server.ts:7:5)
    at Module.<anonymous> (node:internal/modules/cjs/loader:1562:14)
    at Module._compile (C:\Users\User\Desktop\Projects\ERP_Project\node_modules\source-map-support\source-map-support.js:568:25)
    at Module.m._compile (C:\Users\User\AppData\Local\Temp\ts-node-dev-hook-028670301519786667.js:69:33)
    at node:internal/modules/cjs/loader:1699:10
2025-04-16 08:00:26 error: Server shutting down due to uncaught exception: listen EADDRINUSE: address already in use :::8000
2025-04-16 08:07:53 error: uncaughtException: listen EADDRINUSE: address already in use :::8000
Error: listen EADDRINUSE: address already in use :::8000
    at Server.setupListenHandle [as _listen2] (node:net:1937:16)
    at listenInCluster (node:net:1994:12)
    at Server.listen (node:net:2099:7)
    at Function.listen (C:\Users\User\Desktop\Projects\ERP_Project\node_modules\express\lib\application.js:635:24)
    at Object.listen (C:\Users\User\Desktop\Projects\ERP_Project\src\app.ts:35:16)
    at Object.<anonymous> (C:\Users\User\Desktop\Projects\ERP_Project\src\server.ts:7:5)
    at Module.<anonymous> (node:internal/modules/cjs/loader:1562:14)
    at Module._compile (C:\Users\User\Desktop\Projects\ERP_Project\node_modules\source-map-support\source-map-support.js:568:25)
    at Module.m._compile (C:\Users\User\AppData\Local\Temp\ts-node-dev-hook-4897371908458936.js:69:33)
    at node:internal/modules/cjs/loader:1699:10
2025-04-16 08:07:53 error: Server shutting down due to uncaught exception: listen EADDRINUSE: address already in use :::8000
2025-04-16 13:23:09 error: uncaughtException: listen EADDRINUSE: address already in use :::8000
Error: listen EADDRINUSE: address already in use :::8000
    at Server.setupListenHandle [as _listen2] (node:net:1937:16)
    at listenInCluster (node:net:1994:12)
    at Server.listen (node:net:2099:7)
    at Function.listen (C:\Users\User\Desktop\Projects\ERP_Project\node_modules\express\lib\application.js:635:24)
    at Object.listen (C:\Users\User\Desktop\Projects\ERP_Project\src\app.ts:35:16)
    at Object.<anonymous> (C:\Users\User\Desktop\Projects\ERP_Project\src\server.ts:7:5)
    at Module.<anonymous> (node:internal/modules/cjs/loader:1562:14)
    at Module._compile (C:\Users\User\Desktop\Projects\ERP_Project\node_modules\source-map-support\source-map-support.js:568:25)
    at Module.m._compile (C:\Users\User\AppData\Local\Temp\ts-node-dev-hook-49026965239528786.js:69:33)
    at node:internal/modules/cjs/loader:1699:10
2025-04-16 13:23:09 error: Server shutting down due to uncaught exception: listen EADDRINUSE: address already in use :::8000
2025-04-16 13:23:35 error: uncaughtException: listen EADDRINUSE: address already in use :::8000
Error: listen EADDRINUSE: address already in use :::8000
    at Server.setupListenHandle [as _listen2] (node:net:1937:16)
    at listenInCluster (node:net:1994:12)
    at Server.listen (node:net:2099:7)
    at Function.listen (C:\Users\User\Desktop\Projects\ERP_Project\node_modules\express\lib\application.js:635:24)
    at Object.listen (C:\Users\User\Desktop\Projects\ERP_Project\src\app.ts:35:16)
    at Object.<anonymous> (C:\Users\User\Desktop\Projects\ERP_Project\src\server.ts:7:5)
    at Module.<anonymous> (node:internal/modules/cjs/loader:1562:14)
    at Module._compile (C:\Users\User\Desktop\Projects\ERP_Project\node_modules\source-map-support\source-map-support.js:568:25)
    at Module.m._compile (C:\Users\User\AppData\Local\Temp\ts-node-dev-hook-4912290276067721.js:69:33)
    at node:internal/modules/cjs/loader:1699:10
2025-04-16 13:23:35 error: Server shutting down due to uncaught exception: listen EADDRINUSE: address already in use :::8000
