2025-04-14 00:03:26 error: uncaughtException: validate is not defined
ReferenceError: validate is not defined
    at Object.<anonymous> (C:\Users\User\Desktop\Projects\ERP_Project\src\routes\fleet.ts:21:5)
    at Module.<anonymous> (node:internal/modules/cjs/loader:1562:14)
    at Module._compile (C:\Users\User\Desktop\Projects\ERP_Project\node_modules\source-map-support\source-map-support.js:568:25)
    at Module.m._compile (C:\Users\User\AppData\Local\Temp\ts-node-dev-hook-7265114992749162.js:69:33)
    at node:internal/modules/cjs/loader:1699:10
    at require.extensions..jsx.require.extensions..js (C:\Users\User\AppData\Local\Temp\ts-node-dev-hook-7265114992749162.js:114:20)
    at require.extensions.<computed> (C:\Users\User\AppData\Local\Temp\ts-node-dev-hook-7265114992749162.js:71:20)
    at Object.nodeDevHook [as .ts] (C:\Users\User\Desktop\Projects\ERP_Project\node_modules\ts-node-dev\lib\hook.js:63:13)
    at Module.load (node:internal/modules/cjs/loader:1313:32)
    at Function._load (node:internal/modules/cjs/loader:1123:12)
2025-04-14 00:27:14 error: uncaughtException: Cannot find module '@controllers/fleetController/Maintenance'
Require stack:
- C:\Users\User\Desktop\Projects\ERP_Project\src\cron\maintenanceJob.ts
- C:\Users\User\Desktop\Projects\ERP_Project\src\app.ts
- C:\Users\User\Desktop\Projects\ERP_Project\src\server.ts
Error: Cannot find module '@controllers/fleetController/Maintenance'
Require stack:
- C:\Users\User\Desktop\Projects\ERP_Project\src\cron\maintenanceJob.ts
- C:\Users\User\Desktop\Projects\ERP_Project\src\app.ts
- C:\Users\User\Desktop\Projects\ERP_Project\src\server.ts
    at Function.<anonymous> (node:internal/modules/cjs/loader:1244:15)
    at Function.Module._resolveFilename (C:\Users\User\Desktop\Projects\ERP_Project\node_modules\tsconfig-paths\src\register.ts:115:36)
    at Function._load (node:internal/modules/cjs/loader:1070:27)
    at TracingChannel.traceSync (node:diagnostics_channel:322:14)
    at wrapModuleLoad (node:internal/modules/cjs/loader:217:24)
    at Module.require (node:internal/modules/cjs/loader:1335:12)
    at require (node:internal/modules/helpers:136:16)
    at Object.<anonymous> (C:\Users\User\Desktop\Projects\ERP_Project\src\cron\maintenanceJob.ts:4:1)
    at Module.<anonymous> (node:internal/modules/cjs/loader:1562:14)
    at Module._compile (C:\Users\User\Desktop\Projects\ERP_Project\node_modules\source-map-support\source-map-support.js:568:25)
2025-04-14 00:27:55 error: uncaughtException: Cannot find module '@controllers/fleetController/Maintenance'
Require stack:
- C:\Users\User\Desktop\Projects\ERP_Project\src\cron\maintenanceJob.ts
- C:\Users\User\Desktop\Projects\ERP_Project\src\app.ts
- C:\Users\User\Desktop\Projects\ERP_Project\src\server.ts
Error: Cannot find module '@controllers/fleetController/Maintenance'
Require stack:
- C:\Users\User\Desktop\Projects\ERP_Project\src\cron\maintenanceJob.ts
- C:\Users\User\Desktop\Projects\ERP_Project\src\app.ts
- C:\Users\User\Desktop\Projects\ERP_Project\src\server.ts
    at Function.<anonymous> (node:internal/modules/cjs/loader:1244:15)
    at Function.Module._resolveFilename (C:\Users\User\Desktop\Projects\ERP_Project\node_modules\tsconfig-paths\src\register.ts:115:36)
    at Function._load (node:internal/modules/cjs/loader:1070:27)
    at TracingChannel.traceSync (node:diagnostics_channel:322:14)
    at wrapModuleLoad (node:internal/modules/cjs/loader:217:24)
    at Module.require (node:internal/modules/cjs/loader:1335:12)
    at require (node:internal/modules/helpers:136:16)
    at Object.<anonymous> (C:\Users\User\Desktop\Projects\ERP_Project\src\cron\maintenanceJob.ts:4:1)
    at Module.<anonymous> (node:internal/modules/cjs/loader:1562:14)
    at Module._compile (C:\Users\User\Desktop\Projects\ERP_Project\node_modules\source-map-support\source-map-support.js:568:25)
2025-04-14 12:08:18 error: uncaughtException: Cannot find module '@controllers/fleetController/Maintenance'
Require stack:
- C:\Users\User\Desktop\Projects\ERP_Project\src\cron\maintenanceJob.ts
- C:\Users\User\Desktop\Projects\ERP_Project\src\app.ts
- C:\Users\User\Desktop\Projects\ERP_Project\src\server.ts
Error: Cannot find module '@controllers/fleetController/Maintenance'
Require stack:
- C:\Users\User\Desktop\Projects\ERP_Project\src\cron\maintenanceJob.ts
- C:\Users\User\Desktop\Projects\ERP_Project\src\app.ts
- C:\Users\User\Desktop\Projects\ERP_Project\src\server.ts
    at Function.<anonymous> (node:internal/modules/cjs/loader:1244:15)
    at Function.Module._resolveFilename (C:\Users\User\Desktop\Projects\ERP_Project\node_modules\tsconfig-paths\src\register.ts:115:36)
    at Function._load (node:internal/modules/cjs/loader:1070:27)
    at TracingChannel.traceSync (node:diagnostics_channel:322:14)
    at wrapModuleLoad (node:internal/modules/cjs/loader:217:24)
    at Module.require (node:internal/modules/cjs/loader:1335:12)
    at require (node:internal/modules/helpers:136:16)
    at Object.<anonymous> (C:\Users\User\Desktop\Projects\ERP_Project\src\cron\maintenanceJob.ts:4:1)
    at Module.<anonymous> (node:internal/modules/cjs/loader:1562:14)
    at Module._compile (C:\Users\User\Desktop\Projects\ERP_Project\node_modules\source-map-support\source-map-support.js:568:25)
2025-04-14 12:09:22 error: uncaughtException: Cannot find module '@controllers/fleetController/Maintenance'
Require stack:
- C:\Users\User\Desktop\Projects\ERP_Project\src\cron\maintenanceJob.ts
- C:\Users\User\Desktop\Projects\ERP_Project\src\app.ts
- C:\Users\User\Desktop\Projects\ERP_Project\src\server.ts
Error: Cannot find module '@controllers/fleetController/Maintenance'
Require stack:
- C:\Users\User\Desktop\Projects\ERP_Project\src\cron\maintenanceJob.ts
- C:\Users\User\Desktop\Projects\ERP_Project\src\app.ts
- C:\Users\User\Desktop\Projects\ERP_Project\src\server.ts
    at Function.<anonymous> (node:internal/modules/cjs/loader:1244:15)
    at Function.Module._resolveFilename (C:\Users\User\Desktop\Projects\ERP_Project\node_modules\tsconfig-paths\src\register.ts:115:36)
    at Function._load (node:internal/modules/cjs/loader:1070:27)
    at TracingChannel.traceSync (node:diagnostics_channel:322:14)
    at wrapModuleLoad (node:internal/modules/cjs/loader:217:24)
    at Module.require (node:internal/modules/cjs/loader:1335:12)
    at require (node:internal/modules/helpers:136:16)
    at Object.<anonymous> (C:\Users\User\Desktop\Projects\ERP_Project\src\cron\maintenanceJob.ts:4:1)
    at Module.<anonymous> (node:internal/modules/cjs/loader:1562:14)
    at Module._compile (C:\Users\User\Desktop\Projects\ERP_Project\node_modules\source-map-support\source-map-support.js:568:25)
