2025-04-13 23:51:27 info: =================================
2025-04-13 23:51:27 info: ======= ENV: development =======
2025-04-13 23:51:27 info: 🚀 App listening on the port 8000
2025-04-13 23:51:27 info: =================================
2025-04-13 23:51:31 info: Database connected successfully!
2025-04-13 23:51:31 info: MongoDB connected: ac-hdvpxia-shard-00-00.j3ewswr.mongodb.net
2025-04-13 23:53:46 info: =================================
2025-04-13 23:53:46 info: ======= ENV: development =======
2025-04-13 23:53:46 info: 🚀 App listening on the port 8000
2025-04-13 23:53:46 info: =================================
2025-04-13 23:53:49 info: Database connected successfully!
2025-04-13 23:53:49 info: MongoDB connected: ac-hdvpxia-shard-00-00.j3ewswr.mongodb.net
2025-04-13 23:54:05 info: =================================
2025-04-13 23:54:05 info: ======= ENV: development =======
2025-04-13 23:54:05 info: 🚀 App listening on the port 8000
2025-04-13 23:54:05 info: =================================
2025-04-13 23:54:08 info: Database connected successfully!
2025-04-13 23:54:08 info: MongoDB connected: ac-hdvpxia-shard-00-00.j3ewswr.mongodb.net
2025-04-13 23:54:25 info: =================================
2025-04-13 23:54:25 info: ======= ENV: development =======
2025-04-13 23:54:25 info: 🚀 App listening on the port 8000
2025-04-13 23:54:25 info: =================================
2025-04-13 23:54:28 info: Database connected successfully!
2025-04-13 23:54:28 info: MongoDB connected: ac-hdvpxia-shard-00-00.j3ewswr.mongodb.net
2025-04-13 23:54:39 info: =================================
2025-04-13 23:54:39 info: ======= ENV: development =======
2025-04-13 23:54:39 info: 🚀 App listening on the port 8000
2025-04-13 23:54:39 info: =================================
2025-04-13 23:54:42 info: Database connected successfully!
2025-04-13 23:54:42 info: MongoDB connected: ac-hdvpxia-shard-00-00.j3ewswr.mongodb.net
2025-04-13 23:54:52 info: =================================
2025-04-13 23:54:52 info: ======= ENV: development =======
2025-04-13 23:54:52 info: 🚀 App listening on the port 8000
2025-04-13 23:54:52 info: =================================
2025-04-13 23:54:58 info: Database connected successfully!
2025-04-13 23:54:58 info: MongoDB connected: ac-hdvpxia-shard-00-00.j3ewswr.mongodb.net
2025-04-13 23:55:12 info: =================================
2025-04-13 23:55:12 info: ======= ENV: development =======
2025-04-13 23:55:12 info: 🚀 App listening on the port 8000
2025-04-13 23:55:12 info: =================================
2025-04-13 23:55:16 info: Database connected successfully!
2025-04-13 23:55:16 info: MongoDB connected: ac-hdvpxia-shard-00-00.j3ewswr.mongodb.net
2025-04-13 23:55:25 info: =================================
2025-04-13 23:55:25 info: ======= ENV: development =======
2025-04-13 23:55:25 info: 🚀 App listening on the port 8000
2025-04-13 23:55:25 info: =================================
2025-04-13 23:55:29 info: Database connected successfully!
2025-04-13 23:55:29 info: MongoDB connected: ac-hdvpxia-shard-00-00.j3ewswr.mongodb.net
2025-04-13 23:55:41 info: =================================
2025-04-13 23:55:41 info: ======= ENV: development =======
2025-04-13 23:55:41 info: 🚀 App listening on the port 8000
2025-04-13 23:55:41 info: =================================
2025-04-13 23:55:46 info: Database connected successfully!
2025-04-13 23:55:46 info: MongoDB connected: ac-hdvpxia-shard-00-00.j3ewswr.mongodb.net
2025-04-13 23:56:04 info: =================================
2025-04-13 23:56:04 info: ======= ENV: development =======
2025-04-13 23:56:04 info: 🚀 App listening on the port 8000
2025-04-13 23:56:04 info: =================================
2025-04-13 23:56:08 info: Database connected successfully!
2025-04-13 23:56:08 info: MongoDB connected: ac-hdvpxia-shard-00-00.j3ewswr.mongodb.net
2025-04-13 23:56:32 info: =================================
2025-04-13 23:56:32 info: ======= ENV: development =======
2025-04-13 23:56:32 info: 🚀 App listening on the port 8000
2025-04-13 23:56:32 info: =================================
2025-04-13 23:56:35 info: Database connected successfully!
2025-04-13 23:56:35 info: MongoDB connected: ac-hdvpxia-shard-00-00.j3ewswr.mongodb.net
2025-04-13 23:57:05 info: =================================
2025-04-13 23:57:05 info: ======= ENV: development =======
2025-04-13 23:57:05 info: 🚀 App listening on the port 8000
2025-04-13 23:57:05 info: =================================
2025-04-13 23:57:08 info: Database connected successfully!
2025-04-13 23:57:08 info: MongoDB connected: ac-hdvpxia-shard-00-00.j3ewswr.mongodb.net
2025-04-13 23:58:08 info: =================================
2025-04-13 23:58:08 info: ======= ENV: development =======
2025-04-13 23:58:08 info: 🚀 App listening on the port 8000
2025-04-13 23:58:08 info: =================================
2025-04-13 23:58:12 info: Database connected successfully!
2025-04-13 23:58:12 info: MongoDB connected: ac-hdvpxia-shard-00-00.j3ewswr.mongodb.net
2025-04-13 23:58:23 info: =================================
2025-04-13 23:58:23 info: ======= ENV: development =======
2025-04-13 23:58:23 info: 🚀 App listening on the port 8000
2025-04-13 23:58:23 info: =================================
2025-04-13 23:58:27 info: Database connected successfully!
2025-04-13 23:58:27 info: MongoDB connected: ac-hdvpxia-shard-00-00.j3ewswr.mongodb.net
2025-04-13 23:58:37 info: =================================
2025-04-13 23:58:37 info: ======= ENV: development =======
2025-04-13 23:58:37 info: 🚀 App listening on the port 8000
2025-04-13 23:58:37 info: =================================
2025-04-13 23:58:40 info: Database connected successfully!
2025-04-13 23:58:40 info: MongoDB connected: ac-hdvpxia-shard-00-00.j3ewswr.mongodb.net
