2025-04-09 10:25:03 info: =================================
2025-04-09 10:25:03 info: ======= ENV: development =======
2025-04-09 10:25:03 info: 🚀 App listening on the port 8000
2025-04-09 10:25:03 info: =================================
2025-04-09 10:25:06 info: Database connected successfully!
2025-04-09 10:25:06 info: MongoDB connected: ac-hdvpxia-shard-00-02.j3ewswr.mongodb.net
2025-04-09 10:39:18 info: =================================
2025-04-09 10:39:18 info: ======= ENV: development =======
2025-04-09 10:39:18 info: 🚀 App listening on the port 8000
2025-04-09 10:39:18 info: =================================
2025-04-09 10:39:20 info: Database connected successfully!
2025-04-09 10:39:20 info: MongoDB connected: ac-hdvpxia-shard-00-00.j3ewswr.mongodb.net
2025-04-09 10:40:38 info: =================================
2025-04-09 10:40:38 info: ======= ENV: development =======
2025-04-09 10:40:38 info: 🚀 App listening on the port 8000
2025-04-09 10:40:38 info: =================================
2025-04-09 10:40:40 info: Database connected successfully!
2025-04-09 10:40:40 info: MongoDB connected: ac-hdvpxia-shard-00-02.j3ewswr.mongodb.net
2025-04-09 10:43:07 info: =================================
2025-04-09 10:43:07 info: ======= ENV: development =======
2025-04-09 10:43:07 info: 🚀 App listening on the port 8000
2025-04-09 10:43:07 info: =================================
2025-04-09 10:43:10 info: Database connected successfully!
2025-04-09 10:43:10 info: MongoDB connected: ac-hdvpxia-shard-00-02.j3ewswr.mongodb.net
2025-04-09 10:45:12 info: =================================
2025-04-09 10:45:12 info: ======= ENV: development =======
2025-04-09 10:45:12 info: 🚀 App listening on the port 8000
2025-04-09 10:45:12 info: =================================
2025-04-09 10:45:14 info: Database connected successfully!
2025-04-09 10:45:14 info: MongoDB connected: ac-hdvpxia-shard-00-02.j3ewswr.mongodb.net
2025-04-09 10:47:34 info: =================================
2025-04-09 10:47:34 info: ======= ENV: development =======
2025-04-09 10:47:34 info: 🚀 App listening on the port 8000
2025-04-09 10:47:34 info: =================================
2025-04-09 10:47:40 info: Database connected successfully!
2025-04-09 10:47:40 info: MongoDB connected: ac-hdvpxia-shard-00-01.j3ewswr.mongodb.net
2025-04-09 10:50:41 info: =================================
2025-04-09 10:50:41 info: ======= ENV: development =======
2025-04-09 10:50:41 info: 🚀 App listening on the port 8000
2025-04-09 10:50:41 info: =================================
2025-04-09 10:50:48 info: Database connected successfully!
2025-04-09 10:50:48 info: MongoDB connected: ac-hdvpxia-shard-00-02.j3ewswr.mongodb.net
