2025-04-14 00:01:26 info: =================================
2025-04-14 00:01:26 info: ======= ENV: development =======
2025-04-14 00:01:26 info: 🚀 App listening on the port 8000
2025-04-14 00:01:26 info: =================================
2025-04-14 00:01:30 info: Database connected successfully!
2025-04-14 00:01:30 info: MongoDB connected: ac-hdvpxia-shard-00-00.j3ewswr.mongodb.net
2025-04-14 00:01:38 info: =================================
2025-04-14 00:01:38 info: ======= ENV: development =======
2025-04-14 00:01:38 info: 🚀 App listening on the port 8000
2025-04-14 00:01:38 info: =================================
2025-04-14 00:01:42 info: Database connected successfully!
2025-04-14 00:01:42 info: MongoDB connected: ac-hdvpxia-shard-00-00.j3ewswr.mongodb.net
2025-04-14 00:02:04 info: =================================
2025-04-14 00:02:04 info: ======= ENV: development =======
2025-04-14 00:02:04 info: 🚀 App listening on the port 8000
2025-04-14 00:02:04 info: =================================
2025-04-14 00:02:08 info: Database connected successfully!
2025-04-14 00:02:08 info: MongoDB connected: ac-hdvpxia-shard-00-00.j3ewswr.mongodb.net
2025-04-14 00:02:25 info: =================================
2025-04-14 00:02:25 info: ======= ENV: development =======
2025-04-14 00:02:25 info: 🚀 App listening on the port 8000
2025-04-14 00:02:25 info: =================================
2025-04-14 00:02:28 info: Database connected successfully!
2025-04-14 00:02:28 info: MongoDB connected: ac-hdvpxia-shard-00-00.j3ewswr.mongodb.net
2025-04-14 00:02:45 info: =================================
2025-04-14 00:02:45 info: ======= ENV: development =======
2025-04-14 00:02:45 info: 🚀 App listening on the port 8000
2025-04-14 00:02:46 info: =================================
2025-04-14 00:02:49 info: Database connected successfully!
2025-04-14 00:02:49 info: MongoDB connected: ac-hdvpxia-shard-00-00.j3ewswr.mongodb.net
2025-04-14 00:03:05 info: =================================
2025-04-14 00:03:05 info: ======= ENV: development =======
2025-04-14 00:03:05 info: 🚀 App listening on the port 8000
2025-04-14 00:03:05 info: =================================
2025-04-14 00:03:08 info: Database connected successfully!
2025-04-14 00:03:08 info: MongoDB connected: ac-hdvpxia-shard-00-00.j3ewswr.mongodb.net
2025-04-14 00:03:43 info: =================================
2025-04-14 00:03:43 info: ======= ENV: development =======
2025-04-14 00:03:43 info: 🚀 App listening on the port 8000
2025-04-14 00:03:43 info: =================================
2025-04-14 00:03:47 info: Database connected successfully!
2025-04-14 00:03:47 info: MongoDB connected: ac-hdvpxia-shard-00-00.j3ewswr.mongodb.net
2025-04-14 00:04:00 info: =================================
2025-04-14 00:04:00 info: ======= ENV: development =======
2025-04-14 00:04:00 info: 🚀 App listening on the port 8000
2025-04-14 00:04:00 info: =================================
2025-04-14 00:04:03 info: Database connected successfully!
2025-04-14 00:04:03 info: MongoDB connected: ac-hdvpxia-shard-00-00.j3ewswr.mongodb.net
2025-04-14 00:04:26 info: =================================
2025-04-14 00:04:26 info: ======= ENV: development =======
2025-04-14 00:04:26 info: 🚀 App listening on the port 8000
2025-04-14 00:04:26 info: =================================
2025-04-14 00:04:30 info: Database connected successfully!
2025-04-14 00:04:30 info: MongoDB connected: ac-hdvpxia-shard-00-00.j3ewswr.mongodb.net
2025-04-14 00:04:31 info: Received SIGINT. Shutting down server...
2025-04-14 00:25:29 info: =================================
2025-04-14 00:25:29 info: ======= ENV: development =======
2025-04-14 00:25:29 info: 🚀 App listening on the port 8000
2025-04-14 00:25:29 info: =================================
2025-04-14 00:25:33 info: Database connected successfully!
2025-04-14 00:25:33 info: MongoDB connected: ac-hdvpxia-shard-00-00.j3ewswr.mongodb.net
2025-04-14 12:10:50 info: =================================
2025-04-14 12:10:50 info: ======= ENV: development =======
2025-04-14 12:10:50 info: 🚀 App listening on the port 8000
2025-04-14 12:10:50 info: =================================
2025-04-14 12:10:54 info: Database connected successfully!
2025-04-14 12:10:54 info: MongoDB connected: ac-hdvpxia-shard-00-00.j3ewswr.mongodb.net
2025-04-14 12:11:24 info: =================================
2025-04-14 12:11:24 info: ======= ENV: development =======
2025-04-14 12:11:24 info: 🚀 App listening on the port 8000
2025-04-14 12:11:24 info: =================================
2025-04-14 12:11:27 info: Database connected successfully!
2025-04-14 12:11:27 info: MongoDB connected: ac-hdvpxia-shard-00-00.j3ewswr.mongodb.net
2025-04-14 12:15:44 info: =================================
2025-04-14 12:15:44 info: ======= ENV: development =======
2025-04-14 12:15:44 info: 🚀 App listening on the port 8000
2025-04-14 12:15:44 info: =================================
2025-04-14 12:15:48 info: Database connected successfully!
2025-04-14 12:15:48 info: MongoDB connected: ac-hdvpxia-shard-00-00.j3ewswr.mongodb.net
2025-04-14 16:06:59 info: =================================
2025-04-14 16:06:59 info: ======= ENV: development =======
2025-04-14 16:06:59 info: 🚀 App listening on the port 8000
2025-04-14 16:06:59 info: =================================
2025-04-14 16:07:03 info: Database connected successfully!
2025-04-14 16:07:03 info: MongoDB connected: ac-hdvpxia-shard-00-00.j3ewswr.mongodb.net
2025-04-14 16:07:56 info: =================================
2025-04-14 16:07:56 info: ======= ENV: development =======
2025-04-14 16:07:56 info: 🚀 App listening on the port 8000
2025-04-14 16:07:56 info: =================================
2025-04-14 16:07:59 info: Database connected successfully!
2025-04-14 16:07:59 info: MongoDB connected: ac-hdvpxia-shard-00-00.j3ewswr.mongodb.net
2025-04-14 16:08:41 info: =================================
2025-04-14 16:08:41 info: ======= ENV: development =======
2025-04-14 16:08:41 info: 🚀 App listening on the port 8000
2025-04-14 16:08:41 info: =================================
2025-04-14 16:08:46 info: Database connected successfully!
2025-04-14 16:08:46 info: MongoDB connected: ac-hdvpxia-shard-00-00.j3ewswr.mongodb.net
2025-04-14 16:08:58 info: =================================
2025-04-14 16:08:58 info: ======= ENV: development =======
2025-04-14 16:08:58 info: 🚀 App listening on the port 8000
2025-04-14 16:08:58 info: =================================
2025-04-14 16:09:02 info: Database connected successfully!
2025-04-14 16:09:02 info: MongoDB connected: ac-hdvpxia-shard-00-00.j3ewswr.mongodb.net
2025-04-14 16:09:32 info: =================================
2025-04-14 16:09:32 info: ======= ENV: development =======
2025-04-14 16:09:32 info: 🚀 App listening on the port 8000
2025-04-14 16:09:32 info: =================================
2025-04-14 16:09:36 info: Database connected successfully!
2025-04-14 16:09:36 info: MongoDB connected: ac-hdvpxia-shard-00-00.j3ewswr.mongodb.net
2025-04-14 16:10:14 info: =================================
2025-04-14 16:10:14 info: ======= ENV: development =======
2025-04-14 16:10:14 info: 🚀 App listening on the port 8000
2025-04-14 16:10:14 info: =================================
2025-04-14 16:10:18 info: Database connected successfully!
2025-04-14 16:10:18 info: MongoDB connected: ac-hdvpxia-shard-00-00.j3ewswr.mongodb.net
2025-04-14 16:10:31 info: =================================
2025-04-14 16:10:31 info: ======= ENV: development =======
2025-04-14 16:10:31 info: 🚀 App listening on the port 8000
2025-04-14 16:10:31 info: =================================
2025-04-14 16:10:34 info: Database connected successfully!
2025-04-14 16:10:34 info: MongoDB connected: ac-hdvpxia-shard-00-00.j3ewswr.mongodb.net
2025-04-14 16:10:41 info: =================================
2025-04-14 16:10:41 info: ======= ENV: development =======
2025-04-14 16:10:41 info: 🚀 App listening on the port 8000
2025-04-14 16:10:41 info: =================================
2025-04-14 16:10:46 info: Database connected successfully!
2025-04-14 16:10:46 info: MongoDB connected: ac-hdvpxia-shard-00-00.j3ewswr.mongodb.net
2025-04-14 16:10:59 info: =================================
2025-04-14 16:10:59 info: ======= ENV: development =======
2025-04-14 16:10:59 info: 🚀 App listening on the port 8000
2025-04-14 16:10:59 info: =================================
2025-04-14 16:11:04 info: Database connected successfully!
2025-04-14 16:11:04 info: MongoDB connected: ac-hdvpxia-shard-00-00.j3ewswr.mongodb.net
2025-04-14 16:11:16 info: =================================
2025-04-14 16:11:16 info: ======= ENV: development =======
2025-04-14 16:11:16 info: 🚀 App listening on the port 8000
2025-04-14 16:11:16 info: =================================
2025-04-14 16:11:23 info: Database connected successfully!
2025-04-14 16:11:23 info: MongoDB connected: ac-hdvpxia-shard-00-00.j3ewswr.mongodb.net
2025-04-14 16:11:38 info: =================================
2025-04-14 16:11:38 info: ======= ENV: development =======
2025-04-14 16:11:38 info: 🚀 App listening on the port 8000
2025-04-14 16:11:38 info: =================================
2025-04-14 16:11:42 info: Database connected successfully!
2025-04-14 16:11:42 info: MongoDB connected: ac-hdvpxia-shard-00-00.j3ewswr.mongodb.net
2025-04-14 16:12:00 info: =================================
2025-04-14 16:12:00 info: ======= ENV: development =======
2025-04-14 16:12:00 info: 🚀 App listening on the port 8000
2025-04-14 16:12:00 info: =================================
2025-04-14 16:12:03 info: Database connected successfully!
2025-04-14 16:12:03 info: MongoDB connected: ac-hdvpxia-shard-00-00.j3ewswr.mongodb.net
2025-04-14 16:12:13 info: =================================
2025-04-14 16:12:13 info: ======= ENV: development =======
2025-04-14 16:12:13 info: 🚀 App listening on the port 8000
2025-04-14 16:12:13 info: =================================
2025-04-14 16:12:16 info: Database connected successfully!
2025-04-14 16:12:16 info: MongoDB connected: ac-hdvpxia-shard-00-00.j3ewswr.mongodb.net
2025-04-14 16:12:42 info: =================================
2025-04-14 16:12:42 info: ======= ENV: development =======
2025-04-14 16:12:42 info: 🚀 App listening on the port 8000
2025-04-14 16:12:42 info: =================================
2025-04-14 16:12:45 info: Database connected successfully!
2025-04-14 16:12:45 info: MongoDB connected: ac-hdvpxia-shard-00-00.j3ewswr.mongodb.net
2025-04-14 16:12:57 info: =================================
2025-04-14 16:12:57 info: ======= ENV: development =======
2025-04-14 16:12:57 info: 🚀 App listening on the port 8000
2025-04-14 16:12:57 info: =================================
2025-04-14 16:13:01 info: Database connected successfully!
2025-04-14 16:13:01 info: MongoDB connected: ac-hdvpxia-shard-00-00.j3ewswr.mongodb.net
2025-04-14 16:19:24 info: =================================
2025-04-14 16:19:24 info: ======= ENV: development =======
2025-04-14 16:19:24 info: 🚀 App listening on the port 8000
2025-04-14 16:19:24 info: =================================
2025-04-14 16:19:33 info: Database connected successfully!
2025-04-14 16:19:33 info: MongoDB connected: ac-hdvpxia-shard-00-00.j3ewswr.mongodb.net
2025-04-14 16:20:29 info: =================================
2025-04-14 16:20:29 info: ======= ENV: development =======
2025-04-14 16:20:29 info: 🚀 App listening on the port 8000
2025-04-14 16:20:29 info: =================================
2025-04-14 16:20:32 info: Database connected successfully!
2025-04-14 16:20:32 info: MongoDB connected: ac-hdvpxia-shard-00-00.j3ewswr.mongodb.net
2025-04-14 16:20:58 info: =================================
2025-04-14 16:20:58 info: ======= ENV: development =======
2025-04-14 16:20:58 info: 🚀 App listening on the port 8000
2025-04-14 16:20:58 info: =================================
2025-04-14 16:21:01 info: Database connected successfully!
2025-04-14 16:21:01 info: MongoDB connected: ac-hdvpxia-shard-00-00.j3ewswr.mongodb.net
2025-04-14 16:21:16 info: =================================
2025-04-14 16:21:16 info: ======= ENV: development =======
2025-04-14 16:21:16 info: 🚀 App listening on the port 8000
2025-04-14 16:21:16 info: =================================
2025-04-14 16:21:20 info: Database connected successfully!
2025-04-14 16:21:20 info: MongoDB connected: ac-hdvpxia-shard-00-00.j3ewswr.mongodb.net
2025-04-14 16:21:49 info: =================================
2025-04-14 16:21:49 info: ======= ENV: development =======
2025-04-14 16:21:49 info: 🚀 App listening on the port 8000
2025-04-14 16:21:49 info: =================================
2025-04-14 16:21:54 info: Database connected successfully!
2025-04-14 16:21:54 info: MongoDB connected: ac-hdvpxia-shard-00-00.j3ewswr.mongodb.net
2025-04-14 16:22:06 info: =================================
2025-04-14 16:22:06 info: ======= ENV: development =======
2025-04-14 16:22:06 info: 🚀 App listening on the port 8000
2025-04-14 16:22:06 info: =================================
2025-04-14 16:22:10 info: Database connected successfully!
2025-04-14 16:22:10 info: MongoDB connected: ac-hdvpxia-shard-00-00.j3ewswr.mongodb.net
2025-04-14 16:22:18 info: =================================
2025-04-14 16:22:18 info: ======= ENV: development =======
2025-04-14 16:22:18 info: 🚀 App listening on the port 8000
2025-04-14 16:22:18 info: =================================
2025-04-14 16:22:22 info: Database connected successfully!
2025-04-14 16:22:22 info: MongoDB connected: ac-hdvpxia-shard-00-00.j3ewswr.mongodb.net
2025-04-14 16:28:59 info: =================================
2025-04-14 16:28:59 info: ======= ENV: development =======
2025-04-14 16:28:59 info: 🚀 App listening on the port 8000
2025-04-14 16:28:59 info: =================================
2025-04-14 16:29:04 info: Database connected successfully!
2025-04-14 16:29:04 info: MongoDB connected: ac-hdvpxia-shard-00-00.j3ewswr.mongodb.net
2025-04-14 16:30:56 info: =================================
2025-04-14 16:30:56 info: ======= ENV: development =======
2025-04-14 16:30:56 info: 🚀 App listening on the port 8000
2025-04-14 16:30:56 info: =================================
2025-04-14 16:31:01 info: Database connected successfully!
2025-04-14 16:31:01 info: MongoDB connected: ac-hdvpxia-shard-00-00.j3ewswr.mongodb.net
2025-04-14 16:57:41 info: =================================
2025-04-14 16:57:41 info: ======= ENV: development =======
2025-04-14 16:57:41 info: 🚀 App listening on the port 8000
2025-04-14 16:57:41 info: =================================
2025-04-14 16:57:47 info: Database connected successfully!
2025-04-14 16:57:47 info: MongoDB connected: ac-hdvpxia-shard-00-01.j3ewswr.mongodb.net
