2025-03-31 00:10:33 info: =================================
2025-03-31 00:10:33 info: ======= ENV: development =======
2025-03-31 00:10:33 info: 🚀 App listening on the port 8000
2025-03-31 00:10:33 info: =================================
2025-03-31 00:10:38 info: Database connected successfully!
2025-03-31 00:10:38 info: MongoDB connected: ac-hdvpxia-shard-00-01.j3ewswr.mongodb.net
2025-03-31 00:10:44 info: =================================
2025-03-31 00:10:44 info: ======= ENV: development =======
2025-03-31 00:10:44 info: 🚀 App listening on the port 8000
2025-03-31 00:10:44 info: =================================
2025-03-31 00:10:47 info: Database connected successfully!
2025-03-31 00:10:47 info: MongoDB connected: ac-hdvpxia-shard-00-01.j3ewswr.mongodb.net
2025-03-31 00:17:54 info: =================================
2025-03-31 00:17:54 info: ======= ENV: development =======
2025-03-31 00:17:54 info: 🚀 App listening on the port 8000
2025-03-31 00:17:54 info: =================================
2025-03-31 00:17:57 info: Database connected successfully!
2025-03-31 00:17:57 info: MongoDB connected: ac-hdvpxia-shard-00-02.j3ewswr.mongodb.net
2025-03-31 00:19:36 info: =================================
2025-03-31 00:19:36 info: ======= ENV: development =======
2025-03-31 00:19:36 info: 🚀 App listening on the port 8000
2025-03-31 00:19:36 info: =================================
2025-03-31 00:19:43 info: Database connected successfully!
2025-03-31 00:19:43 info: MongoDB connected: ac-hdvpxia-shard-00-00.j3ewswr.mongodb.net
2025-03-31 00:33:01 info: =================================
2025-03-31 00:33:01 info: ======= ENV: development =======
2025-03-31 00:33:01 info: 🚀 App listening on the port 8000
2025-03-31 00:33:01 info: =================================
2025-03-31 00:33:04 info: Database connected successfully!
2025-03-31 00:33:04 info: MongoDB connected: ac-hdvpxia-shard-00-00.j3ewswr.mongodb.net
2025-03-31 00:33:43 info: =================================
2025-03-31 00:33:43 info: ======= ENV: development =======
2025-03-31 00:33:43 info: 🚀 App listening on the port 8000
2025-03-31 00:33:43 info: =================================
2025-03-31 00:33:47 info: Database connected successfully!
2025-03-31 00:33:47 info: MongoDB connected: ac-hdvpxia-shard-00-00.j3ewswr.mongodb.net
2025-03-31 01:53:51 info: ::1 - - [31/Mar/2025:00:53:51 +0000] "POST /api/signup-superadmin HTTP/1.1" 500 35 "-" "PostmanRuntime/7.43.3"
2025-03-31 01:54:13 info: =================================
2025-03-31 01:54:13 info: ======= ENV: development =======
2025-03-31 01:54:13 info: 🚀 App listening on the port 8000
2025-03-31 01:54:13 info: =================================
2025-03-31 01:54:16 info: Database connected successfully!
2025-03-31 01:54:16 info: MongoDB connected: ac-hdvpxia-shard-00-00.j3ewswr.mongodb.net
2025-03-31 01:54:20 info: =================================
2025-03-31 01:54:20 info: ======= ENV: development =======
2025-03-31 01:54:20 info: 🚀 App listening on the port 8000
2025-03-31 01:54:20 info: =================================
2025-03-31 01:54:23 info: Database connected successfully!
2025-03-31 01:54:23 info: MongoDB connected: ac-hdvpxia-shard-00-00.j3ewswr.mongodb.net
2025-03-31 01:54:54 info: ::1 - - [31/Mar/2025:00:54:54 +0000] "POST /api/signup-superadmin HTTP/1.1" 500 35 "-" "PostmanRuntime/7.43.3"
2025-03-31 01:57:07 info: =================================
2025-03-31 01:57:07 info: ======= ENV: development =======
2025-03-31 01:57:07 info: 🚀 App listening on the port 8000
2025-03-31 01:57:07 info: =================================
2025-03-31 01:57:10 info: Database connected successfully!
2025-03-31 01:57:10 info: MongoDB connected: ac-hdvpxia-shard-00-00.j3ewswr.mongodb.net
2025-03-31 01:57:16 info: ::1 - - [31/Mar/2025:00:57:16 +0000] "POST /api/signup-superadmin HTTP/1.1" 400 171 "-" "PostmanRuntime/7.43.3"
2025-03-31 02:00:32 info: =================================
2025-03-31 02:00:32 info: ======= ENV: development =======
2025-03-31 02:00:32 info: 🚀 App listening on the port 8000
2025-03-31 02:00:32 info: =================================
2025-03-31 02:00:35 info: Database connected successfully!
2025-03-31 02:00:35 info: MongoDB connected: ac-hdvpxia-shard-00-02.j3ewswr.mongodb.net
2025-03-31 02:00:55 info: ::1 - - [31/Mar/2025:01:00:55 +0000] "POST /api/signup-superadmin HTTP/1.1" 400 171 "-" "PostmanRuntime/7.43.3"
2025-03-31 02:01:14 info: =================================
2025-03-31 02:01:14 info: ======= ENV: development =======
2025-03-31 02:01:14 info: 🚀 App listening on the port 8000
2025-03-31 02:01:14 info: =================================
2025-03-31 02:01:16 info: Database connected successfully!
2025-03-31 02:01:16 info: MongoDB connected: ac-hdvpxia-shard-00-02.j3ewswr.mongodb.net
2025-03-31 02:02:00 info: =================================
2025-03-31 02:02:00 info: ======= ENV: development =======
2025-03-31 02:02:00 info: 🚀 App listening on the port 8000
2025-03-31 02:02:00 info: =================================
2025-03-31 02:02:03 info: Database connected successfully!
2025-03-31 02:02:03 info: MongoDB connected: ac-hdvpxia-shard-00-02.j3ewswr.mongodb.net
2025-03-31 02:02:31 info: ::1 - - [31/Mar/2025:01:02:31 +0000] "POST /api/signup-superadmin HTTP/1.1" 400 50 "-" "PostmanRuntime/7.43.3"
2025-03-31 02:03:41 info: =================================
2025-03-31 02:03:41 info: ======= ENV: development =======
2025-03-31 02:03:41 info: 🚀 App listening on the port 8000
2025-03-31 02:03:41 info: =================================
2025-03-31 02:03:49 info: Database connected successfully!
2025-03-31 02:03:49 info: MongoDB connected: ac-hdvpxia-shard-00-01.j3ewswr.mongodb.net
2025-03-31 02:04:10 info: ::1 - - [31/Mar/2025:01:04:10 +0000] "POST /api/signup-superadmin HTTP/1.1" 400 40 "-" "PostmanRuntime/7.43.3"
2025-03-31 02:04:47 info: ::1 - - [31/Mar/2025:01:04:47 +0000] "POST /api/signup-superadmin HTTP/1.1" 201 678 "-" "PostmanRuntime/7.43.3"
2025-03-31 02:05:12 info: Received SIGINT. Shutting down server...
