2025-04-29 15:45:32 info: =================================
2025-04-29 15:45:32 info: ======= ENV: development =======
2025-04-29 15:45:32 info: 🚀 App listening on the port 8000
2025-04-29 15:45:32 info: =================================
2025-04-29 15:45:37 info: Database connected successfully!
2025-04-29 15:45:37 info: MongoDB connected: ac-hdvpxia-shard-00-01.j3ewswr.mongodb.net
2025-04-29 15:58:01 info: ::1 - - [29/Apr/2025:14:58:01 +0000] "POST /api/login HTTP/1.1" 200 425 "-" "PostmanRuntime/7.43.3"
2025-04-29 16:12:19 info: =================================
2025-04-29 16:12:19 info: ======= ENV: development =======
2025-04-29 16:12:19 info: 🚀 App listening on the port 8000
2025-04-29 16:12:19 info: =================================
2025-04-29 16:12:25 info: Database connected successfully!
2025-04-29 16:12:25 info: MongoDB connected: ac-hdvpxia-shard-00-00.j3ewswr.mongodb.net
2025-04-29 20:29:12 info: =================================
2025-04-29 20:29:12 info: ======= ENV: development =======
2025-04-29 20:29:12 info: 🚀 App listening on the port 8000
2025-04-29 20:29:12 info: =================================
2025-04-29 20:29:17 info: Database connected successfully!
2025-04-29 20:29:17 info: MongoDB connected: ac-hdvpxia-shard-00-00.j3ewswr.mongodb.net
2025-04-29 20:35:52 info: Received SIGINT. Shutting down server...
2025-04-29 20:56:31 info: Server running on port 8000
2025-04-29 20:56:31 info: =================================
2025-04-29 20:56:31 info: ======= ENV: development =======
2025-04-29 20:56:31 info: 🚀 App listening on the port 8000
2025-04-29 20:56:31 info: =================================
2025-04-29 20:56:36 info: Database connected successfully!
2025-04-29 20:56:36 info: MongoDB connected: ac-hdvpxia-shard-00-00.j3ewswr.mongodb.net
2025-04-29 20:56:42 info: Received SIGINT. Shutting down server...
