2025-08-03 15:48:48 info: Server running on port 8000
2025-08-03 15:48:48 info: =================================
2025-08-03 15:48:48 info: ======= ENV: development =======
2025-08-03 15:48:48 info: 🚀 App listening on the port 8000
2025-08-03 15:48:48 info: =================================
2025-08-03 15:48:52 info: Database connected successfully!
2025-08-03 15:48:52 info: MongoDB connected: ac-hdvpxia-shard-00-01.j3ewswr.mongodb.net
2025-08-03 15:49:01 info: ::1 - - [03/Aug/2025:14:49:01 +0000] "GET /api/vehicles/search?query=%22camry%22 HTTP/1.1" 400 25 "-" "PostmanRuntime/7.45.0"
2025-08-03 15:49:23 info: ::1 - - [03/Aug/2025:14:49:23 +0000] "POST /api/login HTTP/1.1" 200 3127 "-" "PostmanRuntime/7.45.0"
2025-08-03 15:50:20 info: ::1 - - [03/Aug/2025:14:50:20 +0000] "GET /api/vehicles/search?query=%22camry%22 HTTP/1.1" 200 71 "-" "PostmanRuntime/7.45.0"
2025-08-03 15:50:58 info: ::1 - - [03/Aug/2025:14:50:58 +0000] "GET /api/vehicles/search?query=%22corolla%22 HTTP/1.1" 200 71 "-" "PostmanRuntime/7.45.0"
2025-08-03 15:51:06 info: ::1 - - [03/Aug/2025:14:51:06 +0000] "GET /api/vehicles/search?query=%22Corolla%22 HTTP/1.1" 200 71 "-" "PostmanRuntime/7.45.0"
2025-08-03 15:51:34 info: ::1 - - [03/Aug/2025:14:51:34 +0000] "GET /api/vehicles/search?query=%22Toyota%20Corolla%22 HTTP/1.1" 200 71 "-" "PostmanRuntime/7.45.0"
2025-08-03 15:54:04 info: ::1 - - [03/Aug/2025:14:54:04 +0000] "GET /api/vehicles/search?query=%22Hiace%20Toyota%22 HTTP/1.1" 200 71 "-" "PostmanRuntime/7.45.0"
2025-08-03 15:54:16 info: ::1 - - [03/Aug/2025:14:54:16 +0000] "GET /api/vehicles/search?query=%22Truck%22 HTTP/1.1" 200 71 "-" "PostmanRuntime/7.45.0"
2025-08-03 15:54:50 info: ::1 - - [03/Aug/2025:14:54:50 +0000] "GET /api/vehicles/search?query=%226GFSR890SSFSG%22 HTTP/1.1" 200 71 "-" "PostmanRuntime/7.45.0"
2025-08-03 15:56:57 info: Server running on port 8000
2025-08-03 15:56:57 info: =================================
2025-08-03 15:56:57 info: ======= ENV: development =======
2025-08-03 15:56:57 info: 🚀 App listening on the port 8000
2025-08-03 15:56:57 info: =================================
2025-08-03 15:57:01 info: Database connected successfully!
2025-08-03 15:57:01 info: MongoDB connected: ac-hdvpxia-shard-00-02.j3ewswr.mongodb.net
2025-08-03 15:57:20 info: ::1 - - [03/Aug/2025:14:57:20 +0000] "GET /api/vehicles/search?query=%22Toyota%20Corolla%22 HTTP/1.1" 200 71 "-" "PostmanRuntime/7.45.0"
2025-08-03 15:57:41 info: Server running on port 8000
2025-08-03 15:57:41 info: =================================
2025-08-03 15:57:41 info: ======= ENV: development =======
2025-08-03 15:57:41 info: 🚀 App listening on the port 8000
2025-08-03 15:57:41 info: =================================
2025-08-03 15:57:44 info: Database connected successfully!
2025-08-03 15:57:44 info: MongoDB connected: ac-hdvpxia-shard-00-02.j3ewswr.mongodb.net
2025-08-03 16:03:47 info: ::1 - - [03/Aug/2025:15:03:47 +0000] "GET /api/vehicles/search?query=%22Toyota%22 HTTP/1.1" 200 71 "-" "PostmanRuntime/7.45.0"
2025-08-03 16:33:04 info: ::1 - - [03/Aug/2025:15:33:04 +0000] "GET /api/vehicles/search?query=%22Toyota%22 HTTP/1.1" 200 71 "-" "PostmanRuntime/7.45.0"
2025-08-03 16:36:53 info: Server running on port 8000
2025-08-03 16:36:53 info: =================================
2025-08-03 16:36:53 info: ======= ENV: development =======
2025-08-03 16:36:53 info: 🚀 App listening on the port 8000
2025-08-03 16:36:53 info: =================================
2025-08-03 16:36:55 info: Database connected successfully!
2025-08-03 16:36:55 info: MongoDB connected: ac-hdvpxia-shard-00-01.j3ewswr.mongodb.net
2025-08-03 16:37:00 info: Server running on port 8000
2025-08-03 16:37:00 info: =================================
2025-08-03 16:37:00 info: ======= ENV: development =======
2025-08-03 16:37:00 info: 🚀 App listening on the port 8000
2025-08-03 16:37:00 info: =================================
2025-08-03 16:37:02 info: Database connected successfully!
2025-08-03 16:37:02 info: MongoDB connected: ac-hdvpxia-shard-00-02.j3ewswr.mongodb.net
2025-08-03 16:37:22 info: Server running on port 8000
2025-08-03 16:37:22 info: =================================
2025-08-03 16:37:22 info: ======= ENV: development =======
2025-08-03 16:37:22 info: 🚀 App listening on the port 8000
2025-08-03 16:37:22 info: =================================
2025-08-03 16:37:24 info: Database connected successfully!
2025-08-03 16:37:24 info: MongoDB connected: ac-hdvpxia-shard-00-02.j3ewswr.mongodb.net
2025-08-03 16:37:32 info: Server running on port 8000
2025-08-03 16:37:32 info: =================================
2025-08-03 16:37:32 info: ======= ENV: development =======
2025-08-03 16:37:32 info: 🚀 App listening on the port 8000
2025-08-03 16:37:32 info: =================================
2025-08-03 16:37:34 info: Database connected successfully!
2025-08-03 16:37:34 info: MongoDB connected: ac-hdvpxia-shard-00-00.j3ewswr.mongodb.net
2025-08-03 16:38:02 info: Server running on port 8000
2025-08-03 16:38:02 info: =================================
2025-08-03 16:38:02 info: ======= ENV: development =======
2025-08-03 16:38:02 info: 🚀 App listening on the port 8000
2025-08-03 16:38:02 info: =================================
2025-08-03 16:38:05 info: Database connected successfully!
2025-08-03 16:38:05 info: MongoDB connected: ac-hdvpxia-shard-00-00.j3ewswr.mongodb.net
2025-08-03 16:38:13 info: Server running on port 8000
2025-08-03 16:38:13 info: =================================
2025-08-03 16:38:13 info: ======= ENV: development =======
2025-08-03 16:38:13 info: 🚀 App listening on the port 8000
2025-08-03 16:38:13 info: =================================
2025-08-03 16:38:16 info: Database connected successfully!
2025-08-03 16:38:16 info: MongoDB connected: ac-hdvpxia-shard-00-02.j3ewswr.mongodb.net
2025-08-03 16:38:25 info: Server running on port 8000
2025-08-03 16:38:25 info: =================================
2025-08-03 16:38:25 info: ======= ENV: development =======
2025-08-03 16:38:25 info: 🚀 App listening on the port 8000
2025-08-03 16:38:25 info: =================================
2025-08-03 16:38:28 info: Database connected successfully!
2025-08-03 16:38:28 info: MongoDB connected: ac-hdvpxia-shard-00-00.j3ewswr.mongodb.net
2025-08-03 16:38:34 info: ::1 - - [03/Aug/2025:15:38:34 +0000] "GET /api/vehicles/search?query=%22Toyota%22 HTTP/1.1" 200 71 "-" "PostmanRuntime/7.45.0"
2025-08-03 16:38:43 info: ::1 - - [03/Aug/2025:15:38:43 +0000] "GET /api/vehicles/search?query=%22Toyota%22 HTTP/1.1" 200 71 "-" "PostmanRuntime/7.45.0"
2025-08-03 16:40:03 info: Server running on port 8000
2025-08-03 16:40:03 info: =================================
2025-08-03 16:40:03 info: ======= ENV: development =======
2025-08-03 16:40:03 info: 🚀 App listening on the port 8000
2025-08-03 16:40:03 info: =================================
2025-08-03 16:40:05 info: Database connected successfully!
2025-08-03 16:40:05 info: MongoDB connected: ac-hdvpxia-shard-00-01.j3ewswr.mongodb.net
2025-08-03 16:40:11 info: Server running on port 8000
2025-08-03 16:40:11 info: =================================
2025-08-03 16:40:11 info: ======= ENV: development =======
2025-08-03 16:40:11 info: 🚀 App listening on the port 8000
2025-08-03 16:40:11 info: =================================
2025-08-03 16:40:17 info: Server running on port 8000
2025-08-03 16:40:17 info: =================================
2025-08-03 16:40:17 info: ======= ENV: development =======
2025-08-03 16:40:17 info: 🚀 App listening on the port 8000
2025-08-03 16:40:17 info: =================================
2025-08-03 16:40:20 info: Database connected successfully!
2025-08-03 16:40:20 info: MongoDB connected: ac-hdvpxia-shard-00-01.j3ewswr.mongodb.net
2025-08-03 16:40:31 info: ::1 - - [03/Aug/2025:15:40:31 +0000] "GET /api/vehicles/search?query=Toyota HTTP/1.1" 200 11315 "-" "PostmanRuntime/7.45.0"
2025-08-03 16:41:16 info: ::1 - - [03/Aug/2025:15:41:16 +0000] "GET /api/vehicles/search?query=6GFSR890SSFSG HTTP/1.1" 200 2007 "-" "PostmanRuntime/7.45.0"
2025-08-03 16:43:32 info: Server running on port 8000
2025-08-03 16:43:32 info: =================================
2025-08-03 16:43:32 info: ======= ENV: development =======
2025-08-03 16:43:32 info: 🚀 App listening on the port 8000
2025-08-03 16:43:32 info: =================================
2025-08-03 16:43:35 info: Database connected successfully!
2025-08-03 16:43:35 info: MongoDB connected: ac-hdvpxia-shard-00-00.j3ewswr.mongodb.net
2025-08-03 16:43:40 info: Received SIGINT. Shutting down server...
2025-08-03 19:24:28 info: Server running on port 8000
2025-08-03 19:24:28 info: =================================
2025-08-03 19:24:28 info: ======= ENV: development =======
2025-08-03 19:24:28 info: 🚀 App listening on the port 8000
2025-08-03 19:24:28 info: =================================
2025-08-03 19:24:31 info: Database connected successfully!
2025-08-03 19:24:31 info: MongoDB connected: ac-hdvpxia-shard-00-02.j3ewswr.mongodb.net
2025-08-03 19:24:42 info: ::1 - - [03/Aug/2025:18:24:42 +0000] "GET /api/vehicles/search??page=1&limit=10&query=SUV HTTP/1.1" 200 6052 "-" "PostmanRuntime/7.45.0"
2025-08-03 19:24:55 info: ::1 - - [03/Aug/2025:18:24:55 +0000] "GET /api/vehicles/search?page=1&limit=10&query=SUV HTTP/1.1" 200 6052 "-" "PostmanRuntime/7.45.0"
2025-08-03 19:35:32 info: Server running on port 8000
2025-08-03 19:35:32 info: =================================
2025-08-03 19:35:32 info: ======= ENV: development =======
2025-08-03 19:35:32 info: 🚀 App listening on the port 8000
2025-08-03 19:35:32 info: =================================
2025-08-03 19:35:35 info: Database connected successfully!
2025-08-03 19:35:35 info: MongoDB connected: ac-hdvpxia-shard-00-00.j3ewswr.mongodb.net
2025-08-03 19:36:12 info: Server running on port 8000
2025-08-03 19:36:12 info: =================================
2025-08-03 19:36:12 info: ======= ENV: development =======
2025-08-03 19:36:12 info: 🚀 App listening on the port 8000
2025-08-03 19:36:12 info: =================================
2025-08-03 19:36:14 info: Database connected successfully!
2025-08-03 19:36:14 info: MongoDB connected: ac-hdvpxia-shard-00-02.j3ewswr.mongodb.net
2025-08-03 19:39:23 info: Server running on port 8000
2025-08-03 19:39:23 info: =================================
2025-08-03 19:39:23 info: ======= ENV: development =======
2025-08-03 19:39:23 info: 🚀 App listening on the port 8000
2025-08-03 19:39:23 info: =================================
2025-08-03 19:39:27 info: Database connected successfully!
2025-08-03 19:39:27 info: MongoDB connected: ac-hdvpxia-shard-00-02.j3ewswr.mongodb.net
